<?xml version="1.0" encoding="UTF-8"?>
<!-- Generated by org.testng.reporters.JUnitXMLReporter -->
<testsuite hostname="DESKTOP-CBNV9KU" ignored="0" name="Officer Home Page Test" tests="1" failures="1" timestamp="2023-01-28T19:36:54 BDT" time="16.243" errors="0">
  <testcase name="basePageNavigation" time="6.832" classname="Academy.E2E.OfficerHomePage">
    <failure type="java.lang.AssertionError" message="expected [Incidents1] but found [Incidents]">
      <![CDATA[java.lang.AssertionError: expected [Incidents1] but found [Incidents]
at Academy.E2E.OfficerHomePage.basePageNavigation(OfficerHomePage.java:44)
at java.util.ArrayList.forEach(Unknown Source)
at java.util.concurrent.FutureTask.run(Unknown Source)
at java.util.concurrent.ThreadPoolExecutor.runWorker(Unknown Source)
at java.util.concurrent.ThreadPoolExecutor$Worker.run(Unknown Source)
at java.lang.Thread.run(Unknown Source)
... Removed 24 stack frames]]>
    </failure>
  </testcase> <!-- basePageNavigation -->
</testsuite> <!-- Officer Home Page Test -->
