<?xml version="1.0" encoding="UTF-8"?>
<!-- Generated by org.testng.reporters.JUnitXMLReporter -->
<testsuite hostname="DESKTOP-CBNV9KU" ignored="0" name="Test" tests="3" failures="0" timestamp="2022-12-18T18:44:39 BDT" time="56.495" errors="0">
  <testcase name="basePageNavigation" time="14.357" classname="Academy.E2E.OfficerHomePage"/>
  <testcase name="basePageNavigation" time="8.801" classname="Academy.E2E.OfficerLogin"/>
  <testcase name="basePageNavigation" time="25.029" classname="Academy.E2E.OfficerLogin"/>
</testsuite> <!-- Test -->
